<?xml version="1.0" encoding="UTF-8"?>
<beans xmlns="http://www.springframework.org/schema/beans"
       xmlns:xsi="http://www.w3.org/2001/XMLSchema-instance"
       xmlns:aop="http://www.springframework.org/schema/aop"
       xmlns:context="http://www.springframework.org/schema/context"
       xmlns:tx="http://www.springframework.org/schema/tx"
       xmlns:jee="http://www.springframework.org/schema/jee"
       xmlns:p="http://www.springframework.org/schema/p"
       xmlns:jdbc="http://www.springframework.org/schema/jdbc"
       xsi:schemaLocation="http://www.springframework.org/schema/beans http://www.springframework.org/schema/beans/spring-beans-3.0.xsd
       http://www.springframework.org/schema/aop http://www.springframework.org/schema/aop/spring-aop-3.0.xsd
       http://www.springframework.org/schema/context http://www.springframework.org/schema/context/spring-context-3.0.xsd
       http://www.springframework.org/schema/tx http://www.springframework.org/schema/tx/spring-tx-3.0.xsd
       http://www.springframework.org/schema/jee http://www.springframework.org/schema/jee/spring-jee-3.0.xsd
       http://www.springframework.org/schema/jdbc http://www.springframework.org/schema/jdbc/spring-jdbc-3.0.xsd"
       default-autowire="byName">

    <!-- DATABASE AND TX-->
    <!--<jee:jndi-lookup id="dataSource" jndi-name="jdbc/restful-sample" resource-ref="true"/>-->
<!--    <jee:jndi-lookup id="dataSource" jndi-name="jdbc-Postgres-local" resource-ref="true"/>-->
    
    <bean id="dataSource" class="org.springframework.jdbc.datasource.DriverManagerDataSource">
        <!--<property name="jndiName" value="ConnectaPortalDS" />-->
        <property name="driverClassName" value="org.h2.Driver" />
        <property name="url" value="jdbc:h2:mem:portalDB;INIT=create schema if not exists PRESENTER;MODE=Oracle;DB_CLOSE_DELAY=-1;DB_CLOSE_ON_EXIT=FALSE"/>
        <property name="username" value="sa"/>
        <property name="password" value="sa"/>
    </bean>

    <bean name="entityManagerFactory" class="org.springframework.orm.jpa.LocalContainerEntityManagerFactoryBean">
        <property name="packagesToScan" value="br.com.cds.portal.entity" />
        <property name="dataSource" ref="dataSource" />
        <property name="jpaVendorAdapter">
            <bean class="org.springframework.orm.jpa.vendor.HibernateJpaVendorAdapter">
                <property name="showSql" value="true" />
                <property name="databasePlatform" value="org.hibernate.dialect.H2Dialect" />
            </bean>
        </property>
        <property name="jpaPropertyMap">
            <map>
                <entry key="hibernate.dialect" value="org.hibernate.dialect.H2Dialect" />
                <entry key="hibernate.format_sql" value="true" />
                <entry key="hibernate.default_schema" value="PRESENTER"/>
                <entry key="hibernate.hbm2ddl.auto" value="create-drop" />
            </map>
        </property>
    </bean>
    
    <jdbc:initialize-database data-source="dataSource">
        <jdbc:script location="classpath:sql/DML.sql" />
    </jdbc:initialize-database>

<!--
     Bean que configura o GenericDAO de acordo com o PersistenceProvider da aplicação
    <bean class="br.com.cds.framework.core.persistence.GenericJPAPersistenceFactory" />

    <bean name="txManager" class="org.springframework.orm.jpa.JpaTransactionManager">
        <property name="entityManagerFactory" ref="entityManagerFactory" />
    </bean>


    <tx:advice id="txAdvice" transaction-manager="txManager">
        <tx:attributes>
            <tx:method name="create*" rollback-for="Exception" propagation="REQUIRED" />
            <tx:method name="update*" rollback-for="Exception" propagation="REQUIRED" />
            <tx:method name="delete*" rollback-for="Exception" propagation="REQUIRED" />
            <tx:method name="*" propagation="SUPPORTS" />
        </tx:attributes>
    </tx:advice>

    <aop:config>
        <aop:pointcut id="defaultServiceOperation" expression="execution(* br.com.cds.restfulsample.core.business.*.*(..))" />
        <aop:advisor pointcut-ref="defaultServiceOperation" advice-ref="txAdvice" />
    </aop:config>

    <tx:annotation-driven transaction-manager="txManager"/>-->


</beans>